<?xml version="1.0" encoding="UTF-8"?>
<!-- Generated by org.testng.reporters.JUnitReportReporter -->
<testsuite hostname="DESKTOP-K35V0F0" failures="0" tests="6" name="getMethodSample.GetMethodDemo" time="12.713" errors="0" timestamp="2024-07-14T17:01:40 IST" skipped="0">
  <testcase classname="getMethodSample.GetMethodDemo" name="checkGetRequestwithresponse" time="1.573"/>
  <system-out/>
  <testcase classname="getMethodSample.GetMethodDemo" name="checkGetpathParam" time="2.133"/>
  <system-out/>
  <testcase classname="getMethodSample.GetMethodDemo" name="dataProvidersDemo" time="0.849"/>
  <system-out/>
  <testcase classname="getMethodSample.GetMethodDemo" name="checkPostmethod" time="0.207"/>
  <system-out/>
  <testcase classname="getMethodSample.GetMethodDemo" name="checkGetQueryParam" time="6.674"/>
  <system-out/>
  <testcase classname="getMethodSample.GetMethodDemo" name="checkgetRequest" time="1.277"/>
  <system-out/>
</testsuite> <!-- getMethodSample.GetMethodDemo -->
